<?xml version="1.0" encoding="utf-8"?><testsuites><testsuite name="pytest" errors="0" failures="6" skipped="0" tests="6" time="0.358" timestamp="2025-08-10T10:20:48.709444" hostname="Itachi"><testcase classname="visual.test_inventario_visual_hybrid.TestInventarioVisualHybrid" name="test_tabla_inventario_rendering_con_mocks" time="0.002"><failure message="TypeError: TestInventarioVisualHybrid.test_tabla_inventario_rendering_con_mocks() missing 3 required positional arguments: 'self', 'qapp', and 'inventario_mock_data'">tests\strategies\hybrid_visual_testing.py:307: in wrapper
    return runner.run_visual_test(test_func, actual_test_name, **kwargs)
tests\strategies\hybrid_visual_testing.py:238: in run_visual_test
    return self._run_with_mock_data(test_func, test_name, **kwargs)
tests\strategies\hybrid_visual_testing.py:249: in _run_with_mock_data
    result = test_func(**kwargs)
E   TypeError: TestInventarioVisualHybrid.test_tabla_inventario_rendering_con_mocks() missing 3 required positional arguments: 'self', 'qapp', and 'inventario_mock_data'</failure></testcase><testcase classname="visual.test_inventario_visual_hybrid.TestInventarioVisualHybrid" name="test_filtros_busqueda_inventario_con_mocks" time="0.002"><failure message="TypeError: TestInventarioVisualHybrid.test_filtros_busqueda_inventario_con_mocks() missing 2 required positional arguments: 'self' and 'qapp'">tests\strategies\hybrid_visual_testing.py:307: in wrapper
    return runner.run_visual_test(test_func, actual_test_name, **kwargs)
tests\strategies\hybrid_visual_testing.py:238: in run_visual_test
    return self._run_with_mock_data(test_func, test_name, **kwargs)
tests\strategies\hybrid_visual_testing.py:249: in _run_with_mock_data
    result = test_func(**kwargs)
E   TypeError: TestInventarioVisualHybrid.test_filtros_busqueda_inventario_con_mocks() missing 2 required positional arguments: 'self' and 'qapp'</failure></testcase><testcase classname="visual.test_inventario_visual_hybrid.TestInventarioVisualHybrid" name="test_formulario_material_validacion_con_mocks" time="0.002"><failure message="TypeError: TestInventarioVisualHybrid.test_formulario_material_validacion_con_mocks() missing 2 required positional arguments: 'self' and 'qapp'">tests\strategies\hybrid_visual_testing.py:307: in wrapper
    return runner.run_visual_test(test_func, actual_test_name, **kwargs)
tests\strategies\hybrid_visual_testing.py:238: in run_visual_test
    return self._run_with_mock_data(test_func, test_name, **kwargs)
tests\strategies\hybrid_visual_testing.py:249: in _run_with_mock_data
    result = test_func(**kwargs)
E   TypeError: TestInventarioVisualHybrid.test_formulario_material_validacion_con_mocks() missing 2 required positional arguments: 'self' and 'qapp'</failure></testcase><testcase classname="visual.test_inventario_visual_hybrid.TestInventarioVisualHybrid" name="test_interfaz_movimientos_stock_con_mocks" time="0.002"><failure message="TypeError: TestInventarioVisualHybrid.test_interfaz_movimientos_stock_con_mocks() missing 2 required positional arguments: 'self' and 'qapp'">tests\strategies\hybrid_visual_testing.py:307: in wrapper
    return runner.run_visual_test(test_func, actual_test_name, **kwargs)
tests\strategies\hybrid_visual_testing.py:238: in run_visual_test
    return self._run_with_mock_data(test_func, test_name, **kwargs)
tests\strategies\hybrid_visual_testing.py:249: in _run_with_mock_data
    result = test_func(**kwargs)
E   TypeError: TestInventarioVisualHybrid.test_interfaz_movimientos_stock_con_mocks() missing 2 required positional arguments: 'self' and 'qapp'</failure></testcase><testcase classname="visual.test_inventario_visual_hybrid.TestInventarioVisualHybrid" name="test_performance_inventario_datos_reales" time="0.003"><failure message="TypeError: TestInventarioVisualHybrid.test_performance_inventario_datos_reales() missing 2 required positional arguments: 'self' and 'qapp'">tests\strategies\hybrid_visual_testing.py:307: in wrapper
    return runner.run_visual_test(test_func, actual_test_name, **kwargs)
tests\strategies\hybrid_visual_testing.py:238: in run_visual_test
    return self._run_with_mock_data(test_func, test_name, **kwargs)
tests\strategies\hybrid_visual_testing.py:249: in _run_with_mock_data
    result = test_func(**kwargs)
E   TypeError: TestInventarioVisualHybrid.test_performance_inventario_datos_reales() missing 2 required positional arguments: 'self' and 'qapp'</failure></testcase><testcase classname="visual.test_inventario_visual_hybrid.TestInventarioVisualHybrid" name="test_bulk_operations_performance_mock" time="0.143"><failure message="AttributeError: &lt;module 'rexus.modules.inventario.view' from 'C:\\Users\\itachi\\Desktop\\martin\\Rexus.app\\rexus\\modules\\inventario\\view.py'&gt; does not have the attribute 'get_auth_manager'">tests\visual\test_inventario_visual_hybrid.py:469: in test_bulk_operations_performance_mock
    with patch('rexus.modules.inventario.view.get_auth_manager') as mock_auth:
C:\Python310\lib\unittest\mock.py:1437: in __enter__
    original, local = self.get_original()
C:\Python310\lib\unittest\mock.py:1410: in get_original
    raise AttributeError(
E   AttributeError: &lt;module 'rexus.modules.inventario.view' from 'C:\\Users\\itachi\\Desktop\\martin\\Rexus.app\\rexus\\modules\\inventario\\view.py'&gt; does not have the attribute 'get_auth_manager'</failure></testcase></testsuite></testsuites>